<?xml version="1.0" encoding="UTF-8"?>
<testsuite xmlns:xsi="http://www.w3.org/2001/XMLSchema-instance" xsi:noNamespaceSchemaLocation="https://maven.apache.org/surefire/maven-surefire-plugin/xsd/surefire-test-report-3.0.xsd" version="3.0" name="com.vti.ApiGatewayApplicationTests" time="3.157" tests="1" errors="0" skipped="0" failures="0">
  <properties>
    <property name="java.specification.version" value="17"/>
    <property name="sun.jnu.encoding" value="UTF-8"/>
    <property name="java.class.path" value="/Users/hiepdeptrai0908/Document/DTN-2402/Microservice/MicroService-Banking-Team2/api-gateway/target/test-classes:/Users/hiepdeptrai0908/Document/DTN-2402/Microservice/MicroService-Banking-Team2/api-gateway/target/classes:/Users/hiepdeptrai0908/.m2/repository/org/springframework/boot/spring-boot-starter-web/3.3.3/spring-boot-starter-web-3.3.3.jar:/Users/hiepdeptrai0908/.m2/repository/org/springframework/boot/spring-boot-starter/3.3.3/spring-boot-starter-3.3.3.jar:/Users/hiepdeptrai0908/.m2/repository/org/springframework/boot/spring-boot-starter-logging/3.3.3/spring-boot-starter-logging-3.3.3.jar:/Users/hiepdeptrai0908/.m2/repository/ch/qos/logback/logback-classic/1.5.7/logback-classic-1.5.7.jar:/Users/hiepdeptrai0908/.m2/repository/ch/qos/logback/logback-core/1.5.7/logback-core-1.5.7.jar:/Users/hiepdeptrai0908/.m2/repository/org/apache/logging/log4j/log4j-to-slf4j/2.23.1/log4j-to-slf4j-2.23.1.jar:/Users/hiepdeptrai0908/.m2/repository/org/apache/logging/log4j/log4j-api/2.23.1/log4j-api-2.23.1.jar:/Users/hiepdeptrai0908/.m2/repository/org/slf4j/jul-to-slf4j/2.0.16/jul-to-slf4j-2.0.16.jar:/Users/hiepdeptrai0908/.m2/repository/jakarta/annotation/jakarta.annotation-api/2.1.1/jakarta.annotation-api-2.1.1.jar:/Users/hiepdeptrai0908/.m2/repository/org/yaml/snakeyaml/2.2/snakeyaml-2.2.jar:/Users/hiepdeptrai0908/.m2/repository/org/springframework/boot/spring-boot-starter-json/3.3.3/spring-boot-starter-json-3.3.3.jar:/Users/hiepdeptrai0908/.m2/repository/com/fasterxml/jackson/datatype/jackson-datatype-jdk8/2.17.2/jackson-datatype-jdk8-2.17.2.jar:/Users/hiepdeptrai0908/.m2/repository/com/fasterxml/jackson/datatype/jackson-datatype-jsr310/2.17.2/jackson-datatype-jsr310-2.17.2.jar:/Users/hiepdeptrai0908/.m2/repository/com/fasterxml/jackson/module/jackson-module-parameter-names/2.17.2/jackson-module-parameter-names-2.17.2.jar:/Users/hiepdeptrai0908/.m2/repository/org/springframework/boot/spring-boot-starter-tomcat/3.3.3/spring-boot-starter-tomcat-3.3.3.jar:/Users/hiepdeptrai0908/.m2/repository/org/apache/tomcat/embed/tomcat-embed-core/10.1.28/tomcat-embed-core-10.1.28.jar:/Users/hiepdeptrai0908/.m2/repository/org/apache/tomcat/embed/tomcat-embed-el/10.1.28/tomcat-embed-el-10.1.28.jar:/Users/hiepdeptrai0908/.m2/repository/org/apache/tomcat/embed/tomcat-embed-websocket/10.1.28/tomcat-embed-websocket-10.1.28.jar:/Users/hiepdeptrai0908/.m2/repository/org/springframework/spring-web/6.1.12/spring-web-6.1.12.jar:/Users/hiepdeptrai0908/.m2/repository/org/springframework/spring-beans/6.1.12/spring-beans-6.1.12.jar:/Users/hiepdeptrai0908/.m2/repository/org/springframework/spring-webmvc/6.1.12/spring-webmvc-6.1.12.jar:/Users/hiepdeptrai0908/.m2/repository/org/springframework/spring-aop/6.1.12/spring-aop-6.1.12.jar:/Users/hiepdeptrai0908/.m2/repository/org/springframework/spring-context/6.1.12/spring-context-6.1.12.jar:/Users/hiepdeptrai0908/.m2/repository/org/springframework/spring-expression/6.1.12/spring-expression-6.1.12.jar:/Users/hiepdeptrai0908/.m2/repository/org/springframework/cloud/spring-cloud-starter-gateway/4.1.5/spring-cloud-starter-gateway-4.1.5.jar:/Users/hiepdeptrai0908/.m2/repository/org/springframework/cloud/spring-cloud-starter/4.1.4/spring-cloud-starter-4.1.4.jar:/Users/hiepdeptrai0908/.m2/repository/org/springframework/cloud/spring-cloud-context/4.1.4/spring-cloud-context-4.1.4.jar:/Users/hiepdeptrai0908/.m2/repository/org/springframework/security/spring-security-crypto/6.3.3/spring-security-crypto-6.3.3.jar:/Users/hiepdeptrai0908/.m2/repository/org/springframework/cloud/spring-cloud-commons/4.1.4/spring-cloud-commons-4.1.4.jar:/Users/hiepdeptrai0908/.m2/repository/org/springframework/security/spring-security-rsa/1.1.3/spring-security-rsa-1.1.3.jar:/Users/hiepdeptrai0908/.m2/repository/org/bouncycastle/bcprov-jdk18on/1.78/bcprov-jdk18on-1.78.jar:/Users/hiepdeptrai0908/.m2/repository/org/springframework/cloud/spring-cloud-gateway-server/4.1.5/spring-cloud-gateway-server-4.1.5.jar:/Users/hiepdeptrai0908/.m2/repository/org/springframework/boot/spring-boot-starter-validation/3.3.3/spring-boot-starter-validation-3.3.3.jar:/Users/hiepdeptrai0908/.m2/repository/org/hibernate/validator/hibernate-validator/8.0.1.Final/hibernate-validator-8.0.1.Final.jar:/Users/hiepdeptrai0908/.m2/repository/jakarta/validation/jakarta.validation-api/3.0.2/jakarta.validation-api-3.0.2.jar:/Users/hiepdeptrai0908/.m2/repository/org/jboss/logging/jboss-logging/3.5.3.Final/jboss-logging-3.5.3.Final.jar:/Users/hiepdeptrai0908/.m2/repository/com/fasterxml/classmate/1.7.0/classmate-1.7.0.jar:/Users/hiepdeptrai0908/.m2/repository/io/projectreactor/addons/reactor-extra/3.5.2/reactor-extra-3.5.2.jar:/Users/hiepdeptrai0908/.m2/repository/org/springframework/boot/spring-boot-starter-webflux/3.3.3/spring-boot-starter-webflux-3.3.3.jar:/Users/hiepdeptrai0908/.m2/repository/org/springframework/boot/spring-boot-starter-reactor-netty/3.3.3/spring-boot-starter-reactor-netty-3.3.3.jar:/Users/hiepdeptrai0908/.m2/repository/io/projectreactor/netty/reactor-netty-http/1.1.22/reactor-netty-http-1.1.22.jar:/Users/hiepdeptrai0908/.m2/repository/io/netty/netty-codec-http/4.1.112.Final/netty-codec-http-4.1.112.Final.jar:/Users/hiepdeptrai0908/.m2/repository/io/netty/netty-common/4.1.112.Final/netty-common-4.1.112.Final.jar:/Users/hiepdeptrai0908/.m2/repository/io/netty/netty-buffer/4.1.112.Final/netty-buffer-4.1.112.Final.jar:/Users/hiepdeptrai0908/.m2/repository/io/netty/netty-transport/4.1.112.Final/netty-transport-4.1.112.Final.jar:/Users/hiepdeptrai0908/.m2/repository/io/netty/netty-codec/4.1.112.Final/netty-codec-4.1.112.Final.jar:/Users/hiepdeptrai0908/.m2/repository/io/netty/netty-handler/4.1.112.Final/netty-handler-4.1.112.Final.jar:/Users/hiepdeptrai0908/.m2/repository/io/netty/netty-codec-http2/4.1.112.Final/netty-codec-http2-4.1.112.Final.jar:/Users/hiepdeptrai0908/.m2/repository/io/netty/netty-resolver-dns/4.1.112.Final/netty-resolver-dns-4.1.112.Final.jar:/Users/hiepdeptrai0908/.m2/repository/io/netty/netty-resolver/4.1.112.Final/netty-resolver-4.1.112.Final.jar:/Users/hiepdeptrai0908/.m2/repository/io/netty/netty-codec-dns/4.1.112.Final/netty-codec-dns-4.1.112.Final.jar:/Users/hiepdeptrai0908/.m2/repository/io/netty/netty-resolver-dns-native-macos/4.1.112.Final/netty-resolver-dns-native-macos-4.1.112.Final-osx-x86_64.jar:/Users/hiepdeptrai0908/.m2/repository/io/netty/netty-resolver-dns-classes-macos/4.1.112.Final/netty-resolver-dns-classes-macos-4.1.112.Final.jar:/Users/hiepdeptrai0908/.m2/repository/io/netty/netty-transport-native-epoll/4.1.112.Final/netty-transport-native-epoll-4.1.112.Final-linux-x86_64.jar:/Users/hiepdeptrai0908/.m2/repository/io/netty/netty-transport-native-unix-common/4.1.112.Final/netty-transport-native-unix-common-4.1.112.Final.jar:/Users/hiepdeptrai0908/.m2/repository/io/netty/netty-transport-classes-epoll/4.1.112.Final/netty-transport-classes-epoll-4.1.112.Final.jar:/Users/hiepdeptrai0908/.m2/repository/io/projectreactor/netty/reactor-netty-core/1.1.22/reactor-netty-core-1.1.22.jar:/Users/hiepdeptrai0908/.m2/repository/io/netty/netty-handler-proxy/4.1.112.Final/netty-handler-proxy-4.1.112.Final.jar:/Users/hiepdeptrai0908/.m2/repository/io/netty/netty-codec-socks/4.1.112.Final/netty-codec-socks-4.1.112.Final.jar:/Users/hiepdeptrai0908/.m2/repository/org/springframework/spring-webflux/6.1.12/spring-webflux-6.1.12.jar:/Users/hiepdeptrai0908/.m2/repository/org/springframework/cloud/spring-cloud-starter-netflix-zuul/2.2.10.RELEASE/spring-cloud-starter-netflix-zuul-2.2.10.RELEASE.jar:/Users/hiepdeptrai0908/.m2/repository/org/springframework/cloud/spring-cloud-netflix-zuul/2.2.10.RELEASE/spring-cloud-netflix-zuul-2.2.10.RELEASE.jar:/Users/hiepdeptrai0908/.m2/repository/org/springframework/cloud/spring-cloud-netflix-hystrix/2.2.10.RELEASE/spring-cloud-netflix-hystrix-2.2.10.RELEASE.jar:/Users/hiepdeptrai0908/.m2/repository/org/springframework/boot/spring-boot-starter-aop/3.3.3/spring-boot-starter-aop-3.3.3.jar:/Users/hiepdeptrai0908/.m2/repository/org/apache/httpcomponents/httpclient/4.5.13/httpclient-4.5.13.jar:/Users/hiepdeptrai0908/.m2/repository/org/apache/httpcomponents/httpcore/4.4.16/httpcore-4.4.16.jar:/Users/hiepdeptrai0908/.m2/repository/commons-codec/commons-codec/1.16.1/commons-codec-1.16.1.jar:/Users/hiepdeptrai0908/.m2/repository/com/netflix/netflix-commons/netflix-commons-util/0.3.0/netflix-commons-util-0.3.0.jar:/Users/hiepdeptrai0908/.m2/repository/javax/inject/javax.inject/1/javax.inject-1.jar:/Users/hiepdeptrai0908/.m2/repository/org/springframework/cloud/spring-cloud-starter-netflix-hystrix/2.2.10.RELEASE/spring-cloud-starter-netflix-hystrix-2.2.10.RELEASE.jar:/Users/hiepdeptrai0908/.m2/repository/org/springframework/cloud/spring-cloud-netflix-ribbon/2.2.10.RELEASE/spring-cloud-netflix-ribbon-2.2.10.RELEASE.jar:/Users/hiepdeptrai0908/.m2/repository/com/netflix/hystrix/hystrix-core/1.5.18/hystrix-core-1.5.18.jar:/Users/hiepdeptrai0908/.m2/repository/com/netflix/hystrix/hystrix-serialization/1.5.18/hystrix-serialization-1.5.18.jar:/Users/hiepdeptrai0908/.m2/repository/com/fasterxml/jackson/module/jackson-module-afterburner/2.17.2/jackson-module-afterburner-2.17.2.jar:/Users/hiepdeptrai0908/.m2/repository/com/netflix/hystrix/hystrix-metrics-event-stream/1.5.18/hystrix-metrics-event-stream-1.5.18.jar:/Users/hiepdeptrai0908/.m2/repository/com/netflix/hystrix/hystrix-javanica/1.5.18/hystrix-javanica-1.5.18.jar:/Users/hiepdeptrai0908/.m2/repository/org/apache/commons/commons-lang3/3.14.0/commons-lang3-3.14.0.jar:/Users/hiepdeptrai0908/.m2/repository/org/ow2/asm/asm/5.0.4/asm-5.0.4.jar:/Users/hiepdeptrai0908/.m2/repository/org/aspectj/aspectjweaver/1.9.22.1/aspectjweaver-1.9.22.1.jar:/Users/hiepdeptrai0908/.m2/repository/io/reactivex/rxjava-reactive-streams/1.2.1/rxjava-reactive-streams-1.2.1.jar:/Users/hiepdeptrai0908/.m2/repository/org/springframework/cloud/spring-cloud-starter-netflix-ribbon/2.2.10.RELEASE/spring-cloud-starter-netflix-ribbon-2.2.10.RELEASE.jar:/Users/hiepdeptrai0908/.m2/repository/com/netflix/ribbon/ribbon/2.3.0/ribbon-2.3.0.jar:/Users/hiepdeptrai0908/.m2/repository/com/netflix/ribbon/ribbon-transport/2.3.0/ribbon-transport-2.3.0.jar:/Users/hiepdeptrai0908/.m2/repository/io/reactivex/rxnetty-contexts/0.4.9/rxnetty-contexts-0.4.9.jar:/Users/hiepdeptrai0908/.m2/repository/io/reactivex/rxnetty-servo/0.4.9/rxnetty-servo-0.4.9.jar:/Users/hiepdeptrai0908/.m2/repository/io/reactivex/rxnetty/0.4.9/rxnetty-0.4.9.jar:/Users/hiepdeptrai0908/.m2/repository/com/netflix/ribbon/ribbon-core/2.3.0/ribbon-core-2.3.0.jar:/Users/hiepdeptrai0908/.m2/repository/commons-lang/commons-lang/2.6/commons-lang-2.6.jar:/Users/hiepdeptrai0908/.m2/repository/com/netflix/ribbon/ribbon-httpclient/2.3.0/ribbon-httpclient-2.3.0.jar:/Users/hiepdeptrai0908/.m2/repository/commons-collections/commons-collections/3.2.2/commons-collections-3.2.2.jar:/Users/hiepdeptrai0908/.m2/repository/com/sun/jersey/jersey-client/1.19.1/jersey-client-1.19.1.jar:/Users/hiepdeptrai0908/.m2/repository/com/sun/jersey/jersey-core/1.19.1/jersey-core-1.19.1.jar:/Users/hiepdeptrai0908/.m2/repository/javax/ws/rs/jsr311-api/1.1.1/jsr311-api-1.1.1.jar:/Users/hiepdeptrai0908/.m2/repository/com/sun/jersey/contribs/jersey-apache-client4/1.19.1/jersey-apache-client4-1.19.1.jar:/Users/hiepdeptrai0908/.m2/repository/com/netflix/ribbon/ribbon-loadbalancer/2.3.0/ribbon-loadbalancer-2.3.0.jar:/Users/hiepdeptrai0908/.m2/repository/com/netflix/netflix-commons/netflix-statistics/0.1.1/netflix-statistics-0.1.1.jar:/Users/hiepdeptrai0908/.m2/repository/io/reactivex/rxjava/1.3.8/rxjava-1.3.8.jar:/Users/hiepdeptrai0908/.m2/repository/org/springframework/cloud/spring-cloud-starter-netflix-archaius/2.2.10.RELEASE/spring-cloud-starter-netflix-archaius-2.2.10.RELEASE.jar:/Users/hiepdeptrai0908/.m2/repository/org/springframework/cloud/spring-cloud-netflix-archaius/2.2.10.RELEASE/spring-cloud-netflix-archaius-2.2.10.RELEASE.jar:/Users/hiepdeptrai0908/.m2/repository/com/netflix/archaius/archaius-core/0.7.7/archaius-core-0.7.7.jar:/Users/hiepdeptrai0908/.m2/repository/com/google/code/findbugs/jsr305/3.0.1/jsr305-3.0.1.jar:/Users/hiepdeptrai0908/.m2/repository/commons-configuration/commons-configuration/1.8/commons-configuration-1.8.jar:/Users/hiepdeptrai0908/.m2/repository/com/netflix/zuul/zuul-core/1.3.1/zuul-core-1.3.1.jar:/Users/hiepdeptrai0908/.m2/repository/commons-io/commons-io/2.4/commons-io-2.4.jar:/Users/hiepdeptrai0908/.m2/repository/org/slf4j/slf4j-api/2.0.16/slf4j-api-2.0.16.jar:/Users/hiepdeptrai0908/.m2/repository/com/netflix/servo/servo-core/0.7.2/servo-core-0.7.2.jar:/Users/hiepdeptrai0908/.m2/repository/com/google/code/findbugs/annotations/2.0.0/annotations-2.0.0.jar:/Users/hiepdeptrai0908/.m2/repository/org/springframework/cloud/spring-cloud-starter-netflix-eureka-client/4.1.3/spring-cloud-starter-netflix-eureka-client-4.1.3.jar:/Users/hiepdeptrai0908/.m2/repository/org/springframework/cloud/spring-cloud-netflix-eureka-client/4.1.3/spring-cloud-netflix-eureka-client-4.1.3.jar:/Users/hiepdeptrai0908/.m2/repository/org/apache/httpcomponents/client5/httpclient5/5.3.1/httpclient5-5.3.1.jar:/Users/hiepdeptrai0908/.m2/repository/org/apache/httpcomponents/core5/httpcore5/5.2.5/httpcore5-5.2.5.jar:/Users/hiepdeptrai0908/.m2/repository/org/apache/httpcomponents/core5/httpcore5-h2/5.2.5/httpcore5-h2-5.2.5.jar:/Users/hiepdeptrai0908/.m2/repository/com/netflix/eureka/eureka-client/2.0.3/eureka-client-2.0.3.jar:/Users/hiepdeptrai0908/.m2/repository/com/thoughtworks/xstream/xstream/1.4.20/xstream-1.4.20.jar:/Users/hiepdeptrai0908/.m2/repository/io/github/x-stream/mxparser/1.2.2/mxparser-1.2.2.jar:/Users/hiepdeptrai0908/.m2/repository/xmlpull/xmlpull/1.1.3.1/xmlpull-1.1.3.1.jar:/Users/hiepdeptrai0908/.m2/repository/jakarta/ws/rs/jakarta.ws.rs-api/3.1.0/jakarta.ws.rs-api-3.1.0.jar:/Users/hiepdeptrai0908/.m2/repository/jakarta/inject/jakarta.inject-api/2.0.1/jakarta.inject-api-2.0.1.jar:/Users/hiepdeptrai0908/.m2/repository/com/netflix/spectator/spectator-api/1.7.3/spectator-api-1.7.3.jar:/Users/hiepdeptrai0908/.m2/repository/com/fasterxml/jackson/core/jackson-annotations/2.17.2/jackson-annotations-2.17.2.jar:/Users/hiepdeptrai0908/.m2/repository/com/fasterxml/jackson/core/jackson-core/2.17.2/jackson-core-2.17.2.jar:/Users/hiepdeptrai0908/.m2/repository/com/netflix/netflix-commons/netflix-eventbus/0.3.0/netflix-eventbus-0.3.0.jar:/Users/hiepdeptrai0908/.m2/repository/com/netflix/netflix-commons/netflix-infix/0.3.0/netflix-infix-0.3.0.jar:/Users/hiepdeptrai0908/.m2/repository/commons-jxpath/commons-jxpath/1.3/commons-jxpath-1.3.jar:/Users/hiepdeptrai0908/.m2/repository/joda-time/joda-time/2.3/joda-time-2.3.jar:/Users/hiepdeptrai0908/.m2/repository/org/antlr/antlr-runtime/3.4/antlr-runtime-3.4.jar:/Users/hiepdeptrai0908/.m2/repository/org/antlr/stringtemplate/3.2.1/stringtemplate-3.2.1.jar:/Users/hiepdeptrai0908/.m2/repository/antlr/antlr/2.7.7/antlr-2.7.7.jar:/Users/hiepdeptrai0908/.m2/repository/com/google/code/gson/gson/2.10.1/gson-2.10.1.jar:/Users/hiepdeptrai0908/.m2/repository/org/apache/commons/commons-math/2.2/commons-math-2.2.jar:/Users/hiepdeptrai0908/.m2/repository/javax/annotation/javax.annotation-api/1.2/javax.annotation-api-1.2.jar:/Users/hiepdeptrai0908/.m2/repository/org/codehaus/jettison/jettison/1.5.4/jettison-1.5.4.jar:/Users/hiepdeptrai0908/.m2/repository/com/netflix/eureka/eureka-core/2.0.3/eureka-core-2.0.3.jar:/Users/hiepdeptrai0908/.m2/repository/com/fasterxml/woodstox/woodstox-core/6.2.1/woodstox-core-6.2.1.jar:/Users/hiepdeptrai0908/.m2/repository/org/codehaus/woodstox/stax2-api/4.2.1/stax2-api-4.2.1.jar:/Users/hiepdeptrai0908/.m2/repository/com/google/guava/guava/33.0.0-jre/guava-33.0.0-jre.jar:/Users/hiepdeptrai0908/.m2/repository/com/google/guava/failureaccess/1.0.2/failureaccess-1.0.2.jar:/Users/hiepdeptrai0908/.m2/repository/com/google/guava/listenablefuture/9999.0-empty-to-avoid-conflict-with-guava/listenablefuture-9999.0-empty-to-avoid-conflict-with-guava.jar:/Users/hiepdeptrai0908/.m2/repository/org/checkerframework/checker-qual/3.41.0/checker-qual-3.41.0.jar:/Users/hiepdeptrai0908/.m2/repository/com/google/errorprone/error_prone_annotations/2.23.0/error_prone_annotations-2.23.0.jar:/Users/hiepdeptrai0908/.m2/repository/com/google/j2objc/j2objc-annotations/2.8/j2objc-annotations-2.8.jar:/Users/hiepdeptrai0908/.m2/repository/org/springframework/cloud/spring-cloud-starter-loadbalancer/4.1.4/spring-cloud-starter-loadbalancer-4.1.4.jar:/Users/hiepdeptrai0908/.m2/repository/org/springframework/cloud/spring-cloud-loadbalancer/4.1.4/spring-cloud-loadbalancer-4.1.4.jar:/Users/hiepdeptrai0908/.m2/repository/org/springframework/boot/spring-boot-starter-cache/3.3.3/spring-boot-starter-cache-3.3.3.jar:/Users/hiepdeptrai0908/.m2/repository/org/springframework/spring-context-support/6.1.12/spring-context-support-6.1.12.jar:/Users/hiepdeptrai0908/.m2/repository/com/stoyanr/evictor/1.0.0/evictor-1.0.0.jar:/Users/hiepdeptrai0908/.m2/repository/io/micrometer/micrometer-registry-prometheus/1.13.3/micrometer-registry-prometheus-1.13.3.jar:/Users/hiepdeptrai0908/.m2/repository/io/micrometer/micrometer-core/1.13.3/micrometer-core-1.13.3.jar:/Users/hiepdeptrai0908/.m2/repository/io/micrometer/micrometer-commons/1.13.3/micrometer-commons-1.13.3.jar:/Users/hiepdeptrai0908/.m2/repository/org/hdrhistogram/HdrHistogram/2.2.2/HdrHistogram-2.2.2.jar:/Users/hiepdeptrai0908/.m2/repository/org/latencyutils/LatencyUtils/2.0.3/LatencyUtils-2.0.3.jar:/Users/hiepdeptrai0908/.m2/repository/io/prometheus/prometheus-metrics-core/1.2.1/prometheus-metrics-core-1.2.1.jar:/Users/hiepdeptrai0908/.m2/repository/io/prometheus/prometheus-metrics-model/1.2.1/prometheus-metrics-model-1.2.1.jar:/Users/hiepdeptrai0908/.m2/repository/io/prometheus/prometheus-metrics-config/1.2.1/prometheus-metrics-config-1.2.1.jar:/Users/hiepdeptrai0908/.m2/repository/io/prometheus/prometheus-metrics-tracer-common/1.2.1/prometheus-metrics-tracer-common-1.2.1.jar:/Users/hiepdeptrai0908/.m2/repository/io/prometheus/prometheus-metrics-exposition-formats/1.2.1/prometheus-metrics-exposition-formats-1.2.1.jar:/Users/hiepdeptrai0908/.m2/repository/io/prometheus/prometheus-metrics-shaded-protobuf/1.2.1/prometheus-metrics-shaded-protobuf-1.2.1.jar:/Users/hiepdeptrai0908/.m2/repository/org/springframework/boot/spring-boot-starter-actuator/3.3.3/spring-boot-starter-actuator-3.3.3.jar:/Users/hiepdeptrai0908/.m2/repository/org/springframework/boot/spring-boot-actuator-autoconfigure/3.3.3/spring-boot-actuator-autoconfigure-3.3.3.jar:/Users/hiepdeptrai0908/.m2/repository/org/springframework/boot/spring-boot-actuator/3.3.3/spring-boot-actuator-3.3.3.jar:/Users/hiepdeptrai0908/.m2/repository/io/micrometer/micrometer-observation/1.13.3/micrometer-observation-1.13.3.jar:/Users/hiepdeptrai0908/.m2/repository/io/micrometer/micrometer-jakarta9/1.13.3/micrometer-jakarta9-1.13.3.jar:/Users/hiepdeptrai0908/.m2/repository/io/jsonwebtoken/jjwt/0.9.1/jjwt-0.9.1.jar:/Users/hiepdeptrai0908/.m2/repository/com/fasterxml/jackson/core/jackson-databind/2.17.2/jackson-databind-2.17.2.jar:/Users/hiepdeptrai0908/.m2/repository/org/projectlombok/lombok/1.18.34/lombok-1.18.34.jar:/Users/hiepdeptrai0908/.m2/repository/javax/xml/bind/jaxb-api/2.3.1/jaxb-api-2.3.1.jar:/Users/hiepdeptrai0908/.m2/repository/javax/activation/javax.activation-api/1.2.0/javax.activation-api-1.2.0.jar:/Users/hiepdeptrai0908/.m2/repository/org/glassfish/jaxb/jaxb-runtime/2.3.1/jaxb-runtime-2.3.1.jar:/Users/hiepdeptrai0908/.m2/repository/org/glassfish/jaxb/txw2/4.0.5/txw2-4.0.5.jar:/Users/hiepdeptrai0908/.m2/repository/com/sun/istack/istack-commons-runtime/4.1.2/istack-commons-runtime-4.1.2.jar:/Users/hiepdeptrai0908/.m2/repository/org/jvnet/staxex/stax-ex/2.1.0/stax-ex-2.1.0.jar:/Users/hiepdeptrai0908/.m2/repository/jakarta/activation/jakarta.activation-api/2.1.3/jakarta.activation-api-2.1.3.jar:/Users/hiepdeptrai0908/.m2/repository/com/sun/xml/fastinfoset/FastInfoset/2.1.1/FastInfoset-2.1.1.jar:/Users/hiepdeptrai0908/.m2/repository/org/springframework/boot/spring-boot-devtools/3.3.3/spring-boot-devtools-3.3.3.jar:/Users/hiepdeptrai0908/.m2/repository/org/springframework/boot/spring-boot/3.3.3/spring-boot-3.3.3.jar:/Users/hiepdeptrai0908/.m2/repository/org/springframework/boot/spring-boot-autoconfigure/3.3.3/spring-boot-autoconfigure-3.3.3.jar:/Users/hiepdeptrai0908/.m2/repository/org/springframework/boot/spring-boot-starter-test/3.3.3/spring-boot-starter-test-3.3.3.jar:/Users/hiepdeptrai0908/.m2/repository/org/springframework/boot/spring-boot-test/3.3.3/spring-boot-test-3.3.3.jar:/Users/hiepdeptrai0908/.m2/repository/org/springframework/boot/spring-boot-test-autoconfigure/3.3.3/spring-boot-test-autoconfigure-3.3.3.jar:/Users/hiepdeptrai0908/.m2/repository/com/jayway/jsonpath/json-path/2.9.0/json-path-2.9.0.jar:/Users/hiepdeptrai0908/.m2/repository/jakarta/xml/bind/jakarta.xml.bind-api/4.0.2/jakarta.xml.bind-api-4.0.2.jar:/Users/hiepdeptrai0908/.m2/repository/net/minidev/json-smart/2.5.1/json-smart-2.5.1.jar:/Users/hiepdeptrai0908/.m2/repository/net/minidev/accessors-smart/2.5.1/accessors-smart-2.5.1.jar:/Users/hiepdeptrai0908/.m2/repository/org/assertj/assertj-core/3.25.3/assertj-core-3.25.3.jar:/Users/hiepdeptrai0908/.m2/repository/net/bytebuddy/byte-buddy/1.14.19/byte-buddy-1.14.19.jar:/Users/hiepdeptrai0908/.m2/repository/org/awaitility/awaitility/4.2.2/awaitility-4.2.2.jar:/Users/hiepdeptrai0908/.m2/repository/org/hamcrest/hamcrest/2.2/hamcrest-2.2.jar:/Users/hiepdeptrai0908/.m2/repository/org/junit/jupiter/junit-jupiter/5.10.3/junit-jupiter-5.10.3.jar:/Users/hiepdeptrai0908/.m2/repository/org/junit/jupiter/junit-jupiter-api/5.10.3/junit-jupiter-api-5.10.3.jar:/Users/hiepdeptrai0908/.m2/repository/org/opentest4j/opentest4j/1.3.0/opentest4j-1.3.0.jar:/Users/hiepdeptrai0908/.m2/repository/org/junit/platform/junit-platform-commons/1.10.3/junit-platform-commons-1.10.3.jar:/Users/hiepdeptrai0908/.m2/repository/org/apiguardian/apiguardian-api/1.1.2/apiguardian-api-1.1.2.jar:/Users/hiepdeptrai0908/.m2/repository/org/junit/jupiter/junit-jupiter-params/5.10.3/junit-jupiter-params-5.10.3.jar:/Users/hiepdeptrai0908/.m2/repository/org/junit/jupiter/junit-jupiter-engine/5.10.3/junit-jupiter-engine-5.10.3.jar:/Users/hiepdeptrai0908/.m2/repository/org/junit/platform/junit-platform-engine/1.10.3/junit-platform-engine-1.10.3.jar:/Users/hiepdeptrai0908/.m2/repository/org/mockito/mockito-core/5.11.0/mockito-core-5.11.0.jar:/Users/hiepdeptrai0908/.m2/repository/net/bytebuddy/byte-buddy-agent/1.14.19/byte-buddy-agent-1.14.19.jar:/Users/hiepdeptrai0908/.m2/repository/org/objenesis/objenesis/3.3/objenesis-3.3.jar:/Users/hiepdeptrai0908/.m2/repository/org/mockito/mockito-junit-jupiter/5.11.0/mockito-junit-jupiter-5.11.0.jar:/Users/hiepdeptrai0908/.m2/repository/org/skyscreamer/jsonassert/1.5.3/jsonassert-1.5.3.jar:/Users/hiepdeptrai0908/.m2/repository/com/vaadin/external/google/android-json/0.0.20131108.vaadin1/android-json-0.0.20131108.vaadin1.jar:/Users/hiepdeptrai0908/.m2/repository/org/springframework/spring-core/6.1.12/spring-core-6.1.12.jar:/Users/hiepdeptrai0908/.m2/repository/org/springframework/spring-jcl/6.1.12/spring-jcl-6.1.12.jar:/Users/hiepdeptrai0908/.m2/repository/org/springframework/spring-test/6.1.12/spring-test-6.1.12.jar:/Users/hiepdeptrai0908/.m2/repository/org/xmlunit/xmlunit-core/2.9.1/xmlunit-core-2.9.1.jar:/Users/hiepdeptrai0908/.m2/repository/io/projectreactor/reactor-test/3.6.9/reactor-test-3.6.9.jar:/Users/hiepdeptrai0908/.m2/repository/io/projectreactor/reactor-core/3.6.9/reactor-core-3.6.9.jar:/Users/hiepdeptrai0908/.m2/repository/org/reactivestreams/reactive-streams/1.0.4/reactive-streams-1.0.4.jar:"/>
    <property name="java.vm.vendor" value="Amazon.com Inc."/>
    <property name="sun.arch.data.model" value="64"/>
    <property name="java.vendor.url" value="https://aws.amazon.com/corretto/"/>
    <property name="user.timezone" value="Asia/Ho_Chi_Minh"/>
    <property name="org.jboss.logging.provider" value="slf4j"/>
    <property name="os.name" value="Mac OS X"/>
    <property name="java.vm.specification.version" value="17"/>
    <property name="sun.java.launcher" value="SUN_STANDARD"/>
    <property name="user.country" value="GB"/>
    <property name="sun.boot.library.path" value="/Users/hiepdeptrai0908/Library/Java/JavaVirtualMachines/corretto-17.0.12/Contents/Home/lib"/>
    <property name="sun.java.command" value="/Users/hiepdeptrai0908/Document/DTN-2402/Microservice/MicroService-Banking-Team2/api-gateway/target/surefire/surefirebooter-20241028231112846_3.jar /Users/hiepdeptrai0908/Document/DTN-2402/Microservice/MicroService-Banking-Team2/api-gateway/target/surefire 2024-10-28T23-11-12_806-jvmRun1 surefire-20241028231112846_1tmp surefire_0-20241028231112846_2tmp"/>
    <property name="http.nonProxyHosts" value="local|*.local|169.254/16|*.169.254/16"/>
    <property name="jdk.debug" value="release"/>
    <property name="surefire.test.class.path" value="/Users/hiepdeptrai0908/Document/DTN-2402/Microservice/MicroService-Banking-Team2/api-gateway/target/test-classes:/Users/hiepdeptrai0908/Document/DTN-2402/Microservice/MicroService-Banking-Team2/api-gateway/target/classes:/Users/hiepdeptrai0908/.m2/repository/org/springframework/boot/spring-boot-starter-web/3.3.3/spring-boot-starter-web-3.3.3.jar:/Users/hiepdeptrai0908/.m2/repository/org/springframework/boot/spring-boot-starter/3.3.3/spring-boot-starter-3.3.3.jar:/Users/hiepdeptrai0908/.m2/repository/org/springframework/boot/spring-boot-starter-logging/3.3.3/spring-boot-starter-logging-3.3.3.jar:/Users/hiepdeptrai0908/.m2/repository/ch/qos/logback/logback-classic/1.5.7/logback-classic-1.5.7.jar:/Users/hiepdeptrai0908/.m2/repository/ch/qos/logback/logback-core/1.5.7/logback-core-1.5.7.jar:/Users/hiepdeptrai0908/.m2/repository/org/apache/logging/log4j/log4j-to-slf4j/2.23.1/log4j-to-slf4j-2.23.1.jar:/Users/hiepdeptrai0908/.m2/repository/org/apache/logging/log4j/log4j-api/2.23.1/log4j-api-2.23.1.jar:/Users/hiepdeptrai0908/.m2/repository/org/slf4j/jul-to-slf4j/2.0.16/jul-to-slf4j-2.0.16.jar:/Users/hiepdeptrai0908/.m2/repository/jakarta/annotation/jakarta.annotation-api/2.1.1/jakarta.annotation-api-2.1.1.jar:/Users/hiepdeptrai0908/.m2/repository/org/yaml/snakeyaml/2.2/snakeyaml-2.2.jar:/Users/hiepdeptrai0908/.m2/repository/org/springframework/boot/spring-boot-starter-json/3.3.3/spring-boot-starter-json-3.3.3.jar:/Users/hiepdeptrai0908/.m2/repository/com/fasterxml/jackson/datatype/jackson-datatype-jdk8/2.17.2/jackson-datatype-jdk8-2.17.2.jar:/Users/hiepdeptrai0908/.m2/repository/com/fasterxml/jackson/datatype/jackson-datatype-jsr310/2.17.2/jackson-datatype-jsr310-2.17.2.jar:/Users/hiepdeptrai0908/.m2/repository/com/fasterxml/jackson/module/jackson-module-parameter-names/2.17.2/jackson-module-parameter-names-2.17.2.jar:/Users/hiepdeptrai0908/.m2/repository/org/springframework/boot/spring-boot-starter-tomcat/3.3.3/spring-boot-starter-tomcat-3.3.3.jar:/Users/hiepdeptrai0908/.m2/repository/org/apache/tomcat/embed/tomcat-embed-core/10.1.28/tomcat-embed-core-10.1.28.jar:/Users/hiepdeptrai0908/.m2/repository/org/apache/tomcat/embed/tomcat-embed-el/10.1.28/tomcat-embed-el-10.1.28.jar:/Users/hiepdeptrai0908/.m2/repository/org/apache/tomcat/embed/tomcat-embed-websocket/10.1.28/tomcat-embed-websocket-10.1.28.jar:/Users/hiepdeptrai0908/.m2/repository/org/springframework/spring-web/6.1.12/spring-web-6.1.12.jar:/Users/hiepdeptrai0908/.m2/repository/org/springframework/spring-beans/6.1.12/spring-beans-6.1.12.jar:/Users/hiepdeptrai0908/.m2/repository/org/springframework/spring-webmvc/6.1.12/spring-webmvc-6.1.12.jar:/Users/hiepdeptrai0908/.m2/repository/org/springframework/spring-aop/6.1.12/spring-aop-6.1.12.jar:/Users/hiepdeptrai0908/.m2/repository/org/springframework/spring-context/6.1.12/spring-context-6.1.12.jar:/Users/hiepdeptrai0908/.m2/repository/org/springframework/spring-expression/6.1.12/spring-expression-6.1.12.jar:/Users/hiepdeptrai0908/.m2/repository/org/springframework/cloud/spring-cloud-starter-gateway/4.1.5/spring-cloud-starter-gateway-4.1.5.jar:/Users/hiepdeptrai0908/.m2/repository/org/springframework/cloud/spring-cloud-starter/4.1.4/spring-cloud-starter-4.1.4.jar:/Users/hiepdeptrai0908/.m2/repository/org/springframework/cloud/spring-cloud-context/4.1.4/spring-cloud-context-4.1.4.jar:/Users/hiepdeptrai0908/.m2/repository/org/springframework/security/spring-security-crypto/6.3.3/spring-security-crypto-6.3.3.jar:/Users/hiepdeptrai0908/.m2/repository/org/springframework/cloud/spring-cloud-commons/4.1.4/spring-cloud-commons-4.1.4.jar:/Users/hiepdeptrai0908/.m2/repository/org/springframework/security/spring-security-rsa/1.1.3/spring-security-rsa-1.1.3.jar:/Users/hiepdeptrai0908/.m2/repository/org/bouncycastle/bcprov-jdk18on/1.78/bcprov-jdk18on-1.78.jar:/Users/hiepdeptrai0908/.m2/repository/org/springframework/cloud/spring-cloud-gateway-server/4.1.5/spring-cloud-gateway-server-4.1.5.jar:/Users/hiepdeptrai0908/.m2/repository/org/springframework/boot/spring-boot-starter-validation/3.3.3/spring-boot-starter-validation-3.3.3.jar:/Users/hiepdeptrai0908/.m2/repository/org/hibernate/validator/hibernate-validator/8.0.1.Final/hibernate-validator-8.0.1.Final.jar:/Users/hiepdeptrai0908/.m2/repository/jakarta/validation/jakarta.validation-api/3.0.2/jakarta.validation-api-3.0.2.jar:/Users/hiepdeptrai0908/.m2/repository/org/jboss/logging/jboss-logging/3.5.3.Final/jboss-logging-3.5.3.Final.jar:/Users/hiepdeptrai0908/.m2/repository/com/fasterxml/classmate/1.7.0/classmate-1.7.0.jar:/Users/hiepdeptrai0908/.m2/repository/io/projectreactor/addons/reactor-extra/3.5.2/reactor-extra-3.5.2.jar:/Users/hiepdeptrai0908/.m2/repository/org/springframework/boot/spring-boot-starter-webflux/3.3.3/spring-boot-starter-webflux-3.3.3.jar:/Users/hiepdeptrai0908/.m2/repository/org/springframework/boot/spring-boot-starter-reactor-netty/3.3.3/spring-boot-starter-reactor-netty-3.3.3.jar:/Users/hiepdeptrai0908/.m2/repository/io/projectreactor/netty/reactor-netty-http/1.1.22/reactor-netty-http-1.1.22.jar:/Users/hiepdeptrai0908/.m2/repository/io/netty/netty-codec-http/4.1.112.Final/netty-codec-http-4.1.112.Final.jar:/Users/hiepdeptrai0908/.m2/repository/io/netty/netty-common/4.1.112.Final/netty-common-4.1.112.Final.jar:/Users/hiepdeptrai0908/.m2/repository/io/netty/netty-buffer/4.1.112.Final/netty-buffer-4.1.112.Final.jar:/Users/hiepdeptrai0908/.m2/repository/io/netty/netty-transport/4.1.112.Final/netty-transport-4.1.112.Final.jar:/Users/hiepdeptrai0908/.m2/repository/io/netty/netty-codec/4.1.112.Final/netty-codec-4.1.112.Final.jar:/Users/hiepdeptrai0908/.m2/repository/io/netty/netty-handler/4.1.112.Final/netty-handler-4.1.112.Final.jar:/Users/hiepdeptrai0908/.m2/repository/io/netty/netty-codec-http2/4.1.112.Final/netty-codec-http2-4.1.112.Final.jar:/Users/hiepdeptrai0908/.m2/repository/io/netty/netty-resolver-dns/4.1.112.Final/netty-resolver-dns-4.1.112.Final.jar:/Users/hiepdeptrai0908/.m2/repository/io/netty/netty-resolver/4.1.112.Final/netty-resolver-4.1.112.Final.jar:/Users/hiepdeptrai0908/.m2/repository/io/netty/netty-codec-dns/4.1.112.Final/netty-codec-dns-4.1.112.Final.jar:/Users/hiepdeptrai0908/.m2/repository/io/netty/netty-resolver-dns-native-macos/4.1.112.Final/netty-resolver-dns-native-macos-4.1.112.Final-osx-x86_64.jar:/Users/hiepdeptrai0908/.m2/repository/io/netty/netty-resolver-dns-classes-macos/4.1.112.Final/netty-resolver-dns-classes-macos-4.1.112.Final.jar:/Users/hiepdeptrai0908/.m2/repository/io/netty/netty-transport-native-epoll/4.1.112.Final/netty-transport-native-epoll-4.1.112.Final-linux-x86_64.jar:/Users/hiepdeptrai0908/.m2/repository/io/netty/netty-transport-native-unix-common/4.1.112.Final/netty-transport-native-unix-common-4.1.112.Final.jar:/Users/hiepdeptrai0908/.m2/repository/io/netty/netty-transport-classes-epoll/4.1.112.Final/netty-transport-classes-epoll-4.1.112.Final.jar:/Users/hiepdeptrai0908/.m2/repository/io/projectreactor/netty/reactor-netty-core/1.1.22/reactor-netty-core-1.1.22.jar:/Users/hiepdeptrai0908/.m2/repository/io/netty/netty-handler-proxy/4.1.112.Final/netty-handler-proxy-4.1.112.Final.jar:/Users/hiepdeptrai0908/.m2/repository/io/netty/netty-codec-socks/4.1.112.Final/netty-codec-socks-4.1.112.Final.jar:/Users/hiepdeptrai0908/.m2/repository/org/springframework/spring-webflux/6.1.12/spring-webflux-6.1.12.jar:/Users/hiepdeptrai0908/.m2/repository/org/springframework/cloud/spring-cloud-starter-netflix-zuul/2.2.10.RELEASE/spring-cloud-starter-netflix-zuul-2.2.10.RELEASE.jar:/Users/hiepdeptrai0908/.m2/repository/org/springframework/cloud/spring-cloud-netflix-zuul/2.2.10.RELEASE/spring-cloud-netflix-zuul-2.2.10.RELEASE.jar:/Users/hiepdeptrai0908/.m2/repository/org/springframework/cloud/spring-cloud-netflix-hystrix/2.2.10.RELEASE/spring-cloud-netflix-hystrix-2.2.10.RELEASE.jar:/Users/hiepdeptrai0908/.m2/repository/org/springframework/boot/spring-boot-starter-aop/3.3.3/spring-boot-starter-aop-3.3.3.jar:/Users/hiepdeptrai0908/.m2/repository/org/apache/httpcomponents/httpclient/4.5.13/httpclient-4.5.13.jar:/Users/hiepdeptrai0908/.m2/repository/org/apache/httpcomponents/httpcore/4.4.16/httpcore-4.4.16.jar:/Users/hiepdeptrai0908/.m2/repository/commons-codec/commons-codec/1.16.1/commons-codec-1.16.1.jar:/Users/hiepdeptrai0908/.m2/repository/com/netflix/netflix-commons/netflix-commons-util/0.3.0/netflix-commons-util-0.3.0.jar:/Users/hiepdeptrai0908/.m2/repository/javax/inject/javax.inject/1/javax.inject-1.jar:/Users/hiepdeptrai0908/.m2/repository/org/springframework/cloud/spring-cloud-starter-netflix-hystrix/2.2.10.RELEASE/spring-cloud-starter-netflix-hystrix-2.2.10.RELEASE.jar:/Users/hiepdeptrai0908/.m2/repository/org/springframework/cloud/spring-cloud-netflix-ribbon/2.2.10.RELEASE/spring-cloud-netflix-ribbon-2.2.10.RELEASE.jar:/Users/hiepdeptrai0908/.m2/repository/com/netflix/hystrix/hystrix-core/1.5.18/hystrix-core-1.5.18.jar:/Users/hiepdeptrai0908/.m2/repository/com/netflix/hystrix/hystrix-serialization/1.5.18/hystrix-serialization-1.5.18.jar:/Users/hiepdeptrai0908/.m2/repository/com/fasterxml/jackson/module/jackson-module-afterburner/2.17.2/jackson-module-afterburner-2.17.2.jar:/Users/hiepdeptrai0908/.m2/repository/com/netflix/hystrix/hystrix-metrics-event-stream/1.5.18/hystrix-metrics-event-stream-1.5.18.jar:/Users/hiepdeptrai0908/.m2/repository/com/netflix/hystrix/hystrix-javanica/1.5.18/hystrix-javanica-1.5.18.jar:/Users/hiepdeptrai0908/.m2/repository/org/apache/commons/commons-lang3/3.14.0/commons-lang3-3.14.0.jar:/Users/hiepdeptrai0908/.m2/repository/org/ow2/asm/asm/5.0.4/asm-5.0.4.jar:/Users/hiepdeptrai0908/.m2/repository/org/aspectj/aspectjweaver/1.9.22.1/aspectjweaver-1.9.22.1.jar:/Users/hiepdeptrai0908/.m2/repository/io/reactivex/rxjava-reactive-streams/1.2.1/rxjava-reactive-streams-1.2.1.jar:/Users/hiepdeptrai0908/.m2/repository/org/springframework/cloud/spring-cloud-starter-netflix-ribbon/2.2.10.RELEASE/spring-cloud-starter-netflix-ribbon-2.2.10.RELEASE.jar:/Users/hiepdeptrai0908/.m2/repository/com/netflix/ribbon/ribbon/2.3.0/ribbon-2.3.0.jar:/Users/hiepdeptrai0908/.m2/repository/com/netflix/ribbon/ribbon-transport/2.3.0/ribbon-transport-2.3.0.jar:/Users/hiepdeptrai0908/.m2/repository/io/reactivex/rxnetty-contexts/0.4.9/rxnetty-contexts-0.4.9.jar:/Users/hiepdeptrai0908/.m2/repository/io/reactivex/rxnetty-servo/0.4.9/rxnetty-servo-0.4.9.jar:/Users/hiepdeptrai0908/.m2/repository/io/reactivex/rxnetty/0.4.9/rxnetty-0.4.9.jar:/Users/hiepdeptrai0908/.m2/repository/com/netflix/ribbon/ribbon-core/2.3.0/ribbon-core-2.3.0.jar:/Users/hiepdeptrai0908/.m2/repository/commons-lang/commons-lang/2.6/commons-lang-2.6.jar:/Users/hiepdeptrai0908/.m2/repository/com/netflix/ribbon/ribbon-httpclient/2.3.0/ribbon-httpclient-2.3.0.jar:/Users/hiepdeptrai0908/.m2/repository/commons-collections/commons-collections/3.2.2/commons-collections-3.2.2.jar:/Users/hiepdeptrai0908/.m2/repository/com/sun/jersey/jersey-client/1.19.1/jersey-client-1.19.1.jar:/Users/hiepdeptrai0908/.m2/repository/com/sun/jersey/jersey-core/1.19.1/jersey-core-1.19.1.jar:/Users/hiepdeptrai0908/.m2/repository/javax/ws/rs/jsr311-api/1.1.1/jsr311-api-1.1.1.jar:/Users/hiepdeptrai0908/.m2/repository/com/sun/jersey/contribs/jersey-apache-client4/1.19.1/jersey-apache-client4-1.19.1.jar:/Users/hiepdeptrai0908/.m2/repository/com/netflix/ribbon/ribbon-loadbalancer/2.3.0/ribbon-loadbalancer-2.3.0.jar:/Users/hiepdeptrai0908/.m2/repository/com/netflix/netflix-commons/netflix-statistics/0.1.1/netflix-statistics-0.1.1.jar:/Users/hiepdeptrai0908/.m2/repository/io/reactivex/rxjava/1.3.8/rxjava-1.3.8.jar:/Users/hiepdeptrai0908/.m2/repository/org/springframework/cloud/spring-cloud-starter-netflix-archaius/2.2.10.RELEASE/spring-cloud-starter-netflix-archaius-2.2.10.RELEASE.jar:/Users/hiepdeptrai0908/.m2/repository/org/springframework/cloud/spring-cloud-netflix-archaius/2.2.10.RELEASE/spring-cloud-netflix-archaius-2.2.10.RELEASE.jar:/Users/hiepdeptrai0908/.m2/repository/com/netflix/archaius/archaius-core/0.7.7/archaius-core-0.7.7.jar:/Users/hiepdeptrai0908/.m2/repository/com/google/code/findbugs/jsr305/3.0.1/jsr305-3.0.1.jar:/Users/hiepdeptrai0908/.m2/repository/commons-configuration/commons-configuration/1.8/commons-configuration-1.8.jar:/Users/hiepdeptrai0908/.m2/repository/com/netflix/zuul/zuul-core/1.3.1/zuul-core-1.3.1.jar:/Users/hiepdeptrai0908/.m2/repository/commons-io/commons-io/2.4/commons-io-2.4.jar:/Users/hiepdeptrai0908/.m2/repository/org/slf4j/slf4j-api/2.0.16/slf4j-api-2.0.16.jar:/Users/hiepdeptrai0908/.m2/repository/com/netflix/servo/servo-core/0.7.2/servo-core-0.7.2.jar:/Users/hiepdeptrai0908/.m2/repository/com/google/code/findbugs/annotations/2.0.0/annotations-2.0.0.jar:/Users/hiepdeptrai0908/.m2/repository/org/springframework/cloud/spring-cloud-starter-netflix-eureka-client/4.1.3/spring-cloud-starter-netflix-eureka-client-4.1.3.jar:/Users/hiepdeptrai0908/.m2/repository/org/springframework/cloud/spring-cloud-netflix-eureka-client/4.1.3/spring-cloud-netflix-eureka-client-4.1.3.jar:/Users/hiepdeptrai0908/.m2/repository/org/apache/httpcomponents/client5/httpclient5/5.3.1/httpclient5-5.3.1.jar:/Users/hiepdeptrai0908/.m2/repository/org/apache/httpcomponents/core5/httpcore5/5.2.5/httpcore5-5.2.5.jar:/Users/hiepdeptrai0908/.m2/repository/org/apache/httpcomponents/core5/httpcore5-h2/5.2.5/httpcore5-h2-5.2.5.jar:/Users/hiepdeptrai0908/.m2/repository/com/netflix/eureka/eureka-client/2.0.3/eureka-client-2.0.3.jar:/Users/hiepdeptrai0908/.m2/repository/com/thoughtworks/xstream/xstream/1.4.20/xstream-1.4.20.jar:/Users/hiepdeptrai0908/.m2/repository/io/github/x-stream/mxparser/1.2.2/mxparser-1.2.2.jar:/Users/hiepdeptrai0908/.m2/repository/xmlpull/xmlpull/1.1.3.1/xmlpull-1.1.3.1.jar:/Users/hiepdeptrai0908/.m2/repository/jakarta/ws/rs/jakarta.ws.rs-api/3.1.0/jakarta.ws.rs-api-3.1.0.jar:/Users/hiepdeptrai0908/.m2/repository/jakarta/inject/jakarta.inject-api/2.0.1/jakarta.inject-api-2.0.1.jar:/Users/hiepdeptrai0908/.m2/repository/com/netflix/spectator/spectator-api/1.7.3/spectator-api-1.7.3.jar:/Users/hiepdeptrai0908/.m2/repository/com/fasterxml/jackson/core/jackson-annotations/2.17.2/jackson-annotations-2.17.2.jar:/Users/hiepdeptrai0908/.m2/repository/com/fasterxml/jackson/core/jackson-core/2.17.2/jackson-core-2.17.2.jar:/Users/hiepdeptrai0908/.m2/repository/com/netflix/netflix-commons/netflix-eventbus/0.3.0/netflix-eventbus-0.3.0.jar:/Users/hiepdeptrai0908/.m2/repository/com/netflix/netflix-commons/netflix-infix/0.3.0/netflix-infix-0.3.0.jar:/Users/hiepdeptrai0908/.m2/repository/commons-jxpath/commons-jxpath/1.3/commons-jxpath-1.3.jar:/Users/hiepdeptrai0908/.m2/repository/joda-time/joda-time/2.3/joda-time-2.3.jar:/Users/hiepdeptrai0908/.m2/repository/org/antlr/antlr-runtime/3.4/antlr-runtime-3.4.jar:/Users/hiepdeptrai0908/.m2/repository/org/antlr/stringtemplate/3.2.1/stringtemplate-3.2.1.jar:/Users/hiepdeptrai0908/.m2/repository/antlr/antlr/2.7.7/antlr-2.7.7.jar:/Users/hiepdeptrai0908/.m2/repository/com/google/code/gson/gson/2.10.1/gson-2.10.1.jar:/Users/hiepdeptrai0908/.m2/repository/org/apache/commons/commons-math/2.2/commons-math-2.2.jar:/Users/hiepdeptrai0908/.m2/repository/javax/annotation/javax.annotation-api/1.2/javax.annotation-api-1.2.jar:/Users/hiepdeptrai0908/.m2/repository/org/codehaus/jettison/jettison/1.5.4/jettison-1.5.4.jar:/Users/hiepdeptrai0908/.m2/repository/com/netflix/eureka/eureka-core/2.0.3/eureka-core-2.0.3.jar:/Users/hiepdeptrai0908/.m2/repository/com/fasterxml/woodstox/woodstox-core/6.2.1/woodstox-core-6.2.1.jar:/Users/hiepdeptrai0908/.m2/repository/org/codehaus/woodstox/stax2-api/4.2.1/stax2-api-4.2.1.jar:/Users/hiepdeptrai0908/.m2/repository/com/google/guava/guava/33.0.0-jre/guava-33.0.0-jre.jar:/Users/hiepdeptrai0908/.m2/repository/com/google/guava/failureaccess/1.0.2/failureaccess-1.0.2.jar:/Users/hiepdeptrai0908/.m2/repository/com/google/guava/listenablefuture/9999.0-empty-to-avoid-conflict-with-guava/listenablefuture-9999.0-empty-to-avoid-conflict-with-guava.jar:/Users/hiepdeptrai0908/.m2/repository/org/checkerframework/checker-qual/3.41.0/checker-qual-3.41.0.jar:/Users/hiepdeptrai0908/.m2/repository/com/google/errorprone/error_prone_annotations/2.23.0/error_prone_annotations-2.23.0.jar:/Users/hiepdeptrai0908/.m2/repository/com/google/j2objc/j2objc-annotations/2.8/j2objc-annotations-2.8.jar:/Users/hiepdeptrai0908/.m2/repository/org/springframework/cloud/spring-cloud-starter-loadbalancer/4.1.4/spring-cloud-starter-loadbalancer-4.1.4.jar:/Users/hiepdeptrai0908/.m2/repository/org/springframework/cloud/spring-cloud-loadbalancer/4.1.4/spring-cloud-loadbalancer-4.1.4.jar:/Users/hiepdeptrai0908/.m2/repository/org/springframework/boot/spring-boot-starter-cache/3.3.3/spring-boot-starter-cache-3.3.3.jar:/Users/hiepdeptrai0908/.m2/repository/org/springframework/spring-context-support/6.1.12/spring-context-support-6.1.12.jar:/Users/hiepdeptrai0908/.m2/repository/com/stoyanr/evictor/1.0.0/evictor-1.0.0.jar:/Users/hiepdeptrai0908/.m2/repository/io/micrometer/micrometer-registry-prometheus/1.13.3/micrometer-registry-prometheus-1.13.3.jar:/Users/hiepdeptrai0908/.m2/repository/io/micrometer/micrometer-core/1.13.3/micrometer-core-1.13.3.jar:/Users/hiepdeptrai0908/.m2/repository/io/micrometer/micrometer-commons/1.13.3/micrometer-commons-1.13.3.jar:/Users/hiepdeptrai0908/.m2/repository/org/hdrhistogram/HdrHistogram/2.2.2/HdrHistogram-2.2.2.jar:/Users/hiepdeptrai0908/.m2/repository/org/latencyutils/LatencyUtils/2.0.3/LatencyUtils-2.0.3.jar:/Users/hiepdeptrai0908/.m2/repository/io/prometheus/prometheus-metrics-core/1.2.1/prometheus-metrics-core-1.2.1.jar:/Users/hiepdeptrai0908/.m2/repository/io/prometheus/prometheus-metrics-model/1.2.1/prometheus-metrics-model-1.2.1.jar:/Users/hiepdeptrai0908/.m2/repository/io/prometheus/prometheus-metrics-config/1.2.1/prometheus-metrics-config-1.2.1.jar:/Users/hiepdeptrai0908/.m2/repository/io/prometheus/prometheus-metrics-tracer-common/1.2.1/prometheus-metrics-tracer-common-1.2.1.jar:/Users/hiepdeptrai0908/.m2/repository/io/prometheus/prometheus-metrics-exposition-formats/1.2.1/prometheus-metrics-exposition-formats-1.2.1.jar:/Users/hiepdeptrai0908/.m2/repository/io/prometheus/prometheus-metrics-shaded-protobuf/1.2.1/prometheus-metrics-shaded-protobuf-1.2.1.jar:/Users/hiepdeptrai0908/.m2/repository/org/springframework/boot/spring-boot-starter-actuator/3.3.3/spring-boot-starter-actuator-3.3.3.jar:/Users/hiepdeptrai0908/.m2/repository/org/springframework/boot/spring-boot-actuator-autoconfigure/3.3.3/spring-boot-actuator-autoconfigure-3.3.3.jar:/Users/hiepdeptrai0908/.m2/repository/org/springframework/boot/spring-boot-actuator/3.3.3/spring-boot-actuator-3.3.3.jar:/Users/hiepdeptrai0908/.m2/repository/io/micrometer/micrometer-observation/1.13.3/micrometer-observation-1.13.3.jar:/Users/hiepdeptrai0908/.m2/repository/io/micrometer/micrometer-jakarta9/1.13.3/micrometer-jakarta9-1.13.3.jar:/Users/hiepdeptrai0908/.m2/repository/io/jsonwebtoken/jjwt/0.9.1/jjwt-0.9.1.jar:/Users/hiepdeptrai0908/.m2/repository/com/fasterxml/jackson/core/jackson-databind/2.17.2/jackson-databind-2.17.2.jar:/Users/hiepdeptrai0908/.m2/repository/org/projectlombok/lombok/1.18.34/lombok-1.18.34.jar:/Users/hiepdeptrai0908/.m2/repository/javax/xml/bind/jaxb-api/2.3.1/jaxb-api-2.3.1.jar:/Users/hiepdeptrai0908/.m2/repository/javax/activation/javax.activation-api/1.2.0/javax.activation-api-1.2.0.jar:/Users/hiepdeptrai0908/.m2/repository/org/glassfish/jaxb/jaxb-runtime/2.3.1/jaxb-runtime-2.3.1.jar:/Users/hiepdeptrai0908/.m2/repository/org/glassfish/jaxb/txw2/4.0.5/txw2-4.0.5.jar:/Users/hiepdeptrai0908/.m2/repository/com/sun/istack/istack-commons-runtime/4.1.2/istack-commons-runtime-4.1.2.jar:/Users/hiepdeptrai0908/.m2/repository/org/jvnet/staxex/stax-ex/2.1.0/stax-ex-2.1.0.jar:/Users/hiepdeptrai0908/.m2/repository/jakarta/activation/jakarta.activation-api/2.1.3/jakarta.activation-api-2.1.3.jar:/Users/hiepdeptrai0908/.m2/repository/com/sun/xml/fastinfoset/FastInfoset/2.1.1/FastInfoset-2.1.1.jar:/Users/hiepdeptrai0908/.m2/repository/org/springframework/boot/spring-boot-devtools/3.3.3/spring-boot-devtools-3.3.3.jar:/Users/hiepdeptrai0908/.m2/repository/org/springframework/boot/spring-boot/3.3.3/spring-boot-3.3.3.jar:/Users/hiepdeptrai0908/.m2/repository/org/springframework/boot/spring-boot-autoconfigure/3.3.3/spring-boot-autoconfigure-3.3.3.jar:/Users/hiepdeptrai0908/.m2/repository/org/springframework/boot/spring-boot-starter-test/3.3.3/spring-boot-starter-test-3.3.3.jar:/Users/hiepdeptrai0908/.m2/repository/org/springframework/boot/spring-boot-test/3.3.3/spring-boot-test-3.3.3.jar:/Users/hiepdeptrai0908/.m2/repository/org/springframework/boot/spring-boot-test-autoconfigure/3.3.3/spring-boot-test-autoconfigure-3.3.3.jar:/Users/hiepdeptrai0908/.m2/repository/com/jayway/jsonpath/json-path/2.9.0/json-path-2.9.0.jar:/Users/hiepdeptrai0908/.m2/repository/jakarta/xml/bind/jakarta.xml.bind-api/4.0.2/jakarta.xml.bind-api-4.0.2.jar:/Users/hiepdeptrai0908/.m2/repository/net/minidev/json-smart/2.5.1/json-smart-2.5.1.jar:/Users/hiepdeptrai0908/.m2/repository/net/minidev/accessors-smart/2.5.1/accessors-smart-2.5.1.jar:/Users/hiepdeptrai0908/.m2/repository/org/assertj/assertj-core/3.25.3/assertj-core-3.25.3.jar:/Users/hiepdeptrai0908/.m2/repository/net/bytebuddy/byte-buddy/1.14.19/byte-buddy-1.14.19.jar:/Users/hiepdeptrai0908/.m2/repository/org/awaitility/awaitility/4.2.2/awaitility-4.2.2.jar:/Users/hiepdeptrai0908/.m2/repository/org/hamcrest/hamcrest/2.2/hamcrest-2.2.jar:/Users/hiepdeptrai0908/.m2/repository/org/junit/jupiter/junit-jupiter/5.10.3/junit-jupiter-5.10.3.jar:/Users/hiepdeptrai0908/.m2/repository/org/junit/jupiter/junit-jupiter-api/5.10.3/junit-jupiter-api-5.10.3.jar:/Users/hiepdeptrai0908/.m2/repository/org/opentest4j/opentest4j/1.3.0/opentest4j-1.3.0.jar:/Users/hiepdeptrai0908/.m2/repository/org/junit/platform/junit-platform-commons/1.10.3/junit-platform-commons-1.10.3.jar:/Users/hiepdeptrai0908/.m2/repository/org/apiguardian/apiguardian-api/1.1.2/apiguardian-api-1.1.2.jar:/Users/hiepdeptrai0908/.m2/repository/org/junit/jupiter/junit-jupiter-params/5.10.3/junit-jupiter-params-5.10.3.jar:/Users/hiepdeptrai0908/.m2/repository/org/junit/jupiter/junit-jupiter-engine/5.10.3/junit-jupiter-engine-5.10.3.jar:/Users/hiepdeptrai0908/.m2/repository/org/junit/platform/junit-platform-engine/1.10.3/junit-platform-engine-1.10.3.jar:/Users/hiepdeptrai0908/.m2/repository/org/mockito/mockito-core/5.11.0/mockito-core-5.11.0.jar:/Users/hiepdeptrai0908/.m2/repository/net/bytebuddy/byte-buddy-agent/1.14.19/byte-buddy-agent-1.14.19.jar:/Users/hiepdeptrai0908/.m2/repository/org/objenesis/objenesis/3.3/objenesis-3.3.jar:/Users/hiepdeptrai0908/.m2/repository/org/mockito/mockito-junit-jupiter/5.11.0/mockito-junit-jupiter-5.11.0.jar:/Users/hiepdeptrai0908/.m2/repository/org/skyscreamer/jsonassert/1.5.3/jsonassert-1.5.3.jar:/Users/hiepdeptrai0908/.m2/repository/com/vaadin/external/google/android-json/0.0.20131108.vaadin1/android-json-0.0.20131108.vaadin1.jar:/Users/hiepdeptrai0908/.m2/repository/org/springframework/spring-core/6.1.12/spring-core-6.1.12.jar:/Users/hiepdeptrai0908/.m2/repository/org/springframework/spring-jcl/6.1.12/spring-jcl-6.1.12.jar:/Users/hiepdeptrai0908/.m2/repository/org/springframework/spring-test/6.1.12/spring-test-6.1.12.jar:/Users/hiepdeptrai0908/.m2/repository/org/xmlunit/xmlunit-core/2.9.1/xmlunit-core-2.9.1.jar:/Users/hiepdeptrai0908/.m2/repository/io/projectreactor/reactor-test/3.6.9/reactor-test-3.6.9.jar:/Users/hiepdeptrai0908/.m2/repository/io/projectreactor/reactor-core/3.6.9/reactor-core-3.6.9.jar:/Users/hiepdeptrai0908/.m2/repository/org/reactivestreams/reactive-streams/1.0.4/reactive-streams-1.0.4.jar:"/>
    <property name="sun.cpu.endian" value="little"/>
    <property name="user.home" value="/Users/hiepdeptrai0908"/>
    <property name="user.language" value="en"/>
    <property name="java.specification.vendor" value="Oracle Corporation"/>
    <property name="java.version.date" value="2024-07-16"/>
    <property name="java.home" value="/Users/hiepdeptrai0908/Library/Java/JavaVirtualMachines/corretto-17.0.12/Contents/Home"/>
    <property name="file.separator" value="/"/>
    <property name="basedir" value="/Users/hiepdeptrai0908/Document/DTN-2402/Microservice/MicroService-Banking-Team2/api-gateway"/>
    <property name="java.vm.compressedOopsMode" value="Zero based"/>
    <property name="line.separator" value="&#10;"/>
    <property name="java.vm.specification.vendor" value="Oracle Corporation"/>
    <property name="java.specification.name" value="Java Platform API Specification"/>
    <property name="FILE_LOG_CHARSET" value="UTF-8"/>
    <property name="java.awt.headless" value="true"/>
    <property name="surefire.real.class.path" value="/Users/hiepdeptrai0908/Document/DTN-2402/Microservice/MicroService-Banking-Team2/api-gateway/target/surefire/surefirebooter-20241028231112846_3.jar"/>
    <property name="sun.management.compiler" value="HotSpot 64-Bit Tiered Compilers"/>
    <property name="ftp.nonProxyHosts" value="local|*.local|169.254/16|*.169.254/16"/>
    <property name="java.runtime.version" value="17.0.12+7-LTS"/>
    <property name="user.name" value="hiepdeptrai0908"/>
    <property name="path.separator" value=":"/>
    <property name="os.version" value="14.4.1"/>
    <property name="java.runtime.name" value="OpenJDK Runtime Environment"/>
    <property name="file.encoding" value="UTF-8"/>
    <property name="java.vm.name" value="OpenJDK 64-Bit Server VM"/>
    <property name="java.vendor.version" value="Corretto-17.0.12.7.1"/>
    <property name="localRepository" value="/Users/hiepdeptrai0908/.m2/repository"/>
    <property name="java.vendor.url.bug" value="https://github.com/corretto/corretto-17/issues/"/>
    <property name="java.io.tmpdir" value="/var/folders/pm/860pfvsn67l2mv_0y861t3200000gn/T/"/>
    <property name="idea.version" value="2024.1.4"/>
    <property name="java.version" value="17.0.12"/>
    <property name="user.dir" value="/Users/hiepdeptrai0908/Document/DTN-2402/Microservice/MicroService-Banking-Team2/api-gateway"/>
    <property name="os.arch" value="aarch64"/>
    <property name="java.vm.specification.name" value="Java Virtual Machine Specification"/>
    <property name="PID" value="10826"/>
    <property name="CONSOLE_LOG_CHARSET" value="UTF-8"/>
    <property name="native.encoding" value="UTF-8"/>
    <property name="java.library.path" value="/Users/hiepdeptrai0908/Library/Java/Extensions:/Library/Java/Extensions:/Network/Library/Java/Extensions:/System/Library/Java/Extensions:/usr/lib/java:."/>
    <property name="java.vm.info" value="mixed mode, sharing"/>
    <property name="java.vendor" value="Amazon.com Inc."/>
    <property name="java.vm.version" value="17.0.12+7-LTS"/>
    <property name="sun.io.unicode.encoding" value="UnicodeBig"/>
    <property name="socksNonProxyHosts" value="local|*.local|169.254/16|*.169.254/16"/>
    <property name="java.class.version" value="61.0"/>
    <property name="LOGGED_APPLICATION_NAME" value="[api-gateway] "/>
  </properties>
  <testcase name="contextLoads" classname="com.vti.ApiGatewayApplicationTests" time="0.417">
    <system-out><![CDATA[23:11:13.247 [main] INFO org.springframework.test.context.support.AnnotationConfigContextLoaderUtils -- Could not detect default configuration classes for test class [com.vti.ApiGatewayApplicationTests]: ApiGatewayApplicationTests does not declare any static, non-private, non-final, nested classes annotated with @Configuration.
23:11:13.306 [main] INFO org.springframework.boot.test.context.SpringBootTestContextBootstrapper -- Found @SpringBootConfiguration com.vti.ApiGatewayApplication for test class com.vti.ApiGatewayApplicationTests
23:11:13.390 [main] INFO org.springframework.boot.devtools.restart.RestartApplicationListener -- Restart disabled due to context in which it is running

  .   ____          _            __ _ _
 /\\ / ___'_ __ _ _(_)_ __  __ _ \ \ \ \
( ( )\___ | '_ | '_| | '_ \/ _` | \ \ \ \
 \\/  ___)| |_)| | | | | || (_| |  ) ) ) )
  '  |____| .__|_| |_|_| |_\__, | / / / /
 =========|_|==============|___/=/_/_/_/

 :: Spring Boot ::                (v3.3.3)

2024-10-28T23:11:13.564+07:00  INFO 10826 --- [api-gateway] [           main] com.vti.ApiGatewayApplicationTests       : Starting ApiGatewayApplicationTests using Java 17.0.12 with PID 10826 (started by hiepdeptrai0908 in /Users/hiepdeptrai0908/Document/DTN-2402/Microservice/MicroService-Banking-Team2/api-gateway)
2024-10-28T23:11:13.565+07:00  INFO 10826 --- [api-gateway] [           main] com.vti.ApiGatewayApplicationTests       : No active profile set, falling back to 1 default profile: "default"
2024-10-28T23:11:14.314+07:00  INFO 10826 --- [api-gateway] [           main] o.s.cloud.context.scope.GenericScope     : BeanFactory id=b0374ed8-9a5e-3f8d-af63-d4cf00a14439
2024-10-28T23:11:14.469+07:00  WARN 10826 --- [api-gateway] [           main] trationDelegate$BeanPostProcessorChecker : Bean 'org.springframework.cloud.client.loadbalancer.LoadBalancerAutoConfiguration$DeferringLoadBalancerInterceptorConfig' of type [org.springframework.cloud.client.loadbalancer.LoadBalancerAutoConfiguration$DeferringLoadBalancerInterceptorConfig] is not eligible for getting processed by all BeanPostProcessors (for example: not eligible for auto-proxying). The currently created BeanPostProcessor [lbRestClientPostProcessor] is declared through a non-static factory method on that class; consider declaring it as static instead.
2024-10-28T23:11:14.474+07:00  WARN 10826 --- [api-gateway] [           main] trationDelegate$BeanPostProcessorChecker : Bean 'deferringLoadBalancerInterceptor' of type [org.springframework.cloud.client.loadbalancer.DeferringLoadBalancerInterceptor] is not eligible for getting processed by all BeanPostProcessors (for example: not eligible for auto-proxying). Is this bean getting eagerly injected into a currently created BeanPostProcessor [lbRestClientPostProcessor]? Check the corresponding BeanPostProcessor declaration and its dependencies.
2024-10-28T23:11:14.481+07:00  WARN 10826 --- [api-gateway] [           main] trationDelegate$BeanPostProcessorChecker : Bean 'org.springframework.cloud.client.loadbalancer.reactive.LoadBalancerBeanPostProcessorAutoConfiguration' of type [org.springframework.cloud.client.loadbalancer.reactive.LoadBalancerBeanPostProcessorAutoConfiguration] is not eligible for getting processed by all BeanPostProcessors (for example: not eligible for auto-proxying). The currently created BeanPostProcessor [loadBalancerWebClientBuilderBeanPostProcessor] is declared through a non-static factory method on that class; consider declaring it as static instead.
2024-10-28T23:11:14.482+07:00  WARN 10826 --- [api-gateway] [           main] trationDelegate$BeanPostProcessorChecker : Bean 'org.springframework.cloud.client.loadbalancer.reactive.LoadBalancerBeanPostProcessorAutoConfiguration$ReactorDeferringLoadBalancerFilterConfig' of type [org.springframework.cloud.client.loadbalancer.reactive.LoadBalancerBeanPostProcessorAutoConfiguration$ReactorDeferringLoadBalancerFilterConfig] is not eligible for getting processed by all BeanPostProcessors (for example: not eligible for auto-proxying). Is this bean getting eagerly injected into a currently created BeanPostProcessor [loadBalancerWebClientBuilderBeanPostProcessor]? Check the corresponding BeanPostProcessor declaration and its dependencies.
2024-10-28T23:11:14.484+07:00  WARN 10826 --- [api-gateway] [           main] trationDelegate$BeanPostProcessorChecker : Bean 'reactorDeferringLoadBalancerExchangeFilterFunction' of type [org.springframework.cloud.client.loadbalancer.reactive.DeferringLoadBalancerExchangeFilterFunction] is not eligible for getting processed by all BeanPostProcessors (for example: not eligible for auto-proxying). Is this bean getting eagerly injected into a currently created BeanPostProcessor [loadBalancerWebClientBuilderBeanPostProcessor]? Check the corresponding BeanPostProcessor declaration and its dependencies.
2024-10-28T23:11:15.117+07:00  INFO 10826 --- [api-gateway] [           main] o.s.c.g.r.RouteDefinitionRouteLocator    : Loaded RoutePredicateFactory [After]
2024-10-28T23:11:15.117+07:00  INFO 10826 --- [api-gateway] [           main] o.s.c.g.r.RouteDefinitionRouteLocator    : Loaded RoutePredicateFactory [Before]
2024-10-28T23:11:15.117+07:00  INFO 10826 --- [api-gateway] [           main] o.s.c.g.r.RouteDefinitionRouteLocator    : Loaded RoutePredicateFactory [Between]
2024-10-28T23:11:15.117+07:00  INFO 10826 --- [api-gateway] [           main] o.s.c.g.r.RouteDefinitionRouteLocator    : Loaded RoutePredicateFactory [Cookie]
2024-10-28T23:11:15.117+07:00  INFO 10826 --- [api-gateway] [           main] o.s.c.g.r.RouteDefinitionRouteLocator    : Loaded RoutePredicateFactory [Header]
2024-10-28T23:11:15.117+07:00  INFO 10826 --- [api-gateway] [           main] o.s.c.g.r.RouteDefinitionRouteLocator    : Loaded RoutePredicateFactory [Host]
2024-10-28T23:11:15.117+07:00  INFO 10826 --- [api-gateway] [           main] o.s.c.g.r.RouteDefinitionRouteLocator    : Loaded RoutePredicateFactory [Method]
2024-10-28T23:11:15.117+07:00  INFO 10826 --- [api-gateway] [           main] o.s.c.g.r.RouteDefinitionRouteLocator    : Loaded RoutePredicateFactory [Path]
2024-10-28T23:11:15.117+07:00  INFO 10826 --- [api-gateway] [           main] o.s.c.g.r.RouteDefinitionRouteLocator    : Loaded RoutePredicateFactory [Query]
2024-10-28T23:11:15.117+07:00  INFO 10826 --- [api-gateway] [           main] o.s.c.g.r.RouteDefinitionRouteLocator    : Loaded RoutePredicateFactory [ReadBody]
2024-10-28T23:11:15.117+07:00  INFO 10826 --- [api-gateway] [           main] o.s.c.g.r.RouteDefinitionRouteLocator    : Loaded RoutePredicateFactory [RemoteAddr]
2024-10-28T23:11:15.117+07:00  INFO 10826 --- [api-gateway] [           main] o.s.c.g.r.RouteDefinitionRouteLocator    : Loaded RoutePredicateFactory [XForwardedRemoteAddr]
2024-10-28T23:11:15.117+07:00  INFO 10826 --- [api-gateway] [           main] o.s.c.g.r.RouteDefinitionRouteLocator    : Loaded RoutePredicateFactory [Weight]
2024-10-28T23:11:15.117+07:00  INFO 10826 --- [api-gateway] [           main] o.s.c.g.r.RouteDefinitionRouteLocator    : Loaded RoutePredicateFactory [CloudFoundryRouteService]
2024-10-28T23:11:15.242+07:00  INFO 10826 --- [api-gateway] [           main] o.s.b.a.e.web.EndpointLinksResolver      : Exposing 0 endpoints beneath base path '/actuator'
2024-10-28T23:11:15.415+07:00  INFO 10826 --- [api-gateway] [           main] DiscoveryClientOptionalArgsConfiguration : Eureka HTTP Client uses RestTemplate.
2024-10-28T23:11:15.455+07:00  WARN 10826 --- [api-gateway] [           main] iguration$LoadBalancerCaffeineWarnLogger : Spring Cloud LoadBalancer is currently working with the default cache. While this cache implementation is useful for development and tests, it's recommended to use Caffeine cache in production.You can switch to using Caffeine cache, by adding it and org.springframework.cache.caffeine.CaffeineCacheManager to the classpath.
2024-10-28T23:11:15.490+07:00  INFO 10826 --- [api-gateway] [           main] o.s.c.n.eureka.InstanceInfoFactory       : Setting initial instance status as: STARTING
2024-10-28T23:11:15.503+07:00  INFO 10826 --- [api-gateway] [           main] com.netflix.discovery.DiscoveryClient    : Initializing Eureka in region us-east-1
2024-10-28T23:11:15.505+07:00  INFO 10826 --- [api-gateway] [           main] c.n.d.s.r.aws.ConfigClusterResolver      : Resolving eureka endpoints via configuration
2024-10-28T23:11:15.509+07:00  INFO 10826 --- [api-gateway] [           main] com.netflix.discovery.DiscoveryClient    : Disable delta property : false
2024-10-28T23:11:15.509+07:00  INFO 10826 --- [api-gateway] [           main] com.netflix.discovery.DiscoveryClient    : Single vip registry refresh property : null
2024-10-28T23:11:15.509+07:00  INFO 10826 --- [api-gateway] [           main] com.netflix.discovery.DiscoveryClient    : Force full registry fetch : false
2024-10-28T23:11:15.509+07:00  INFO 10826 --- [api-gateway] [           main] com.netflix.discovery.DiscoveryClient    : Application is null : false
2024-10-28T23:11:15.509+07:00  INFO 10826 --- [api-gateway] [           main] com.netflix.discovery.DiscoveryClient    : Registered Applications size is zero : true
2024-10-28T23:11:15.509+07:00  INFO 10826 --- [api-gateway] [           main] com.netflix.discovery.DiscoveryClient    : Application version is -1: true
2024-10-28T23:11:15.509+07:00  INFO 10826 --- [api-gateway] [           main] com.netflix.discovery.DiscoveryClient    : Getting all instance registry info from the eureka server
2024-10-28T23:11:15.718+07:00  INFO 10826 --- [api-gateway] [           main] com.netflix.discovery.DiscoveryClient    : The response status is 200
2024-10-28T23:11:15.721+07:00  INFO 10826 --- [api-gateway] [           main] com.netflix.discovery.DiscoveryClient    : Starting heartbeat executor: renew interval is: 30
2024-10-28T23:11:15.724+07:00  INFO 10826 --- [api-gateway] [           main] c.n.discovery.InstanceInfoReplicator     : InstanceInfoReplicator onDemand update allowed rate per min is 4
2024-10-28T23:11:15.725+07:00  INFO 10826 --- [api-gateway] [           main] com.netflix.discovery.DiscoveryClient    : Discovery Client initialized at timestamp 1730131875724 with initial instances count: 6
2024-10-28T23:11:15.734+07:00  INFO 10826 --- [api-gateway] [           main] o.s.c.n.e.s.EurekaServiceRegistry        : Registering application API-GATEWAY with eureka with status UP
2024-10-28T23:11:15.734+07:00  INFO 10826 --- [api-gateway] [           main] com.netflix.discovery.DiscoveryClient    : Saw local status change event StatusChangeEvent [timestamp=1730131875734, current=UP, previous=STARTING]
2024-10-28T23:11:15.736+07:00  INFO 10826 --- [api-gateway] [foReplicator-%d] com.netflix.discovery.DiscoveryClient    : DiscoveryClient_API-GATEWAY/192.168.0.102:api-gateway:8080: registering service...
2024-10-28T23:11:15.781+07:00  INFO 10826 --- [api-gateway] [foReplicator-%d] com.netflix.discovery.DiscoveryClient    : DiscoveryClient_API-GATEWAY/192.168.0.102:api-gateway:8080 - registration status: 204
2024-10-28T23:11:15.866+07:00  INFO 10826 --- [api-gateway] [           main] com.vti.ApiGatewayApplicationTests       : Started ApiGatewayApplicationTests in 2.483 seconds (process running for 2.972)
]]></system-out>
  </testcase>
</testsuite>